running egg_info
writing ../../build/processing_pkg/processing_pkg.egg-info/PKG-INFO
writing dependency_links to ../../build/processing_pkg/processing_pkg.egg-info/dependency_links.txt
writing entry points to ../../build/processing_pkg/processing_pkg.egg-info/entry_points.txt
writing requirements to ../../build/processing_pkg/processing_pkg.egg-info/requires.txt
writing top-level names to ../../build/processing_pkg/processing_pkg.egg-info/top_level.txt
reading manifest file '../../build/processing_pkg/processing_pkg.egg-info/SOURCES.txt'
writing manifest file '../../build/processing_pkg/processing_pkg.egg-info/SOURCES.txt'
running build
running build_py
copying processing_pkg/processing_node.py -> /home/marwan/AUC_SUMMIT_CUFE/build/processing_pkg/build/lib/processing_pkg
running install
running install_lib
copying /home/marwan/AUC_SUMMIT_CUFE/build/processing_pkg/build/lib/processing_pkg/processing_node.py -> /home/marwan/AUC_SUMMIT_CUFE/install/processing_pkg/lib/python3.12/site-packages/processing_pkg
byte-compiling /home/marwan/AUC_SUMMIT_CUFE/install/processing_pkg/lib/python3.12/site-packages/processing_pkg/processing_node.py to processing_node.cpython-312.pyc
running install_data
running install_egg_info
removing '/home/marwan/AUC_SUMMIT_CUFE/install/processing_pkg/lib/python3.12/site-packages/processing_pkg-0.0.0-py3.12.egg-info' (and everything under it)
Copying ../../build/processing_pkg/processing_pkg.egg-info to /home/marwan/AUC_SUMMIT_CUFE/install/processing_pkg/lib/python3.12/site-packages/processing_pkg-0.0.0-py3.12.egg-info
running install_scripts
Installing processing_node script to /home/marwan/AUC_SUMMIT_CUFE/install/processing_pkg/lib/processing_pkg
writing list of installed files to '/home/marwan/AUC_SUMMIT_CUFE/build/processing_pkg/install.log'
