[3.047s] Invoking command in '/home/marwan/AUC_SUMMIT_CUFE/src/processing_pkg': DEBUGINFOD_URLS=https://debuginfod.ubuntu.com PYTHONPATH=/home/marwan/AUC_SUMMIT_CUFE/build/processing_pkg/prefix_override:/usr/lib/python3/dist-packages/colcon_core/task/python/colcon_distutils_commands:/home/marwan/AUC_SUMMIT_CUFE/install/processing_pkg/lib/python3.12/site-packages:${PYTHONPATH} /usr/bin/python3 -W ignore:setup.py install is deprecated -W ignore:easy_install command is deprecated setup.py egg_info --egg-base ../../build/processing_pkg build --build-base /home/marwan/AUC_SUMMIT_CUFE/build/processing_pkg/build install --record /home/marwan/AUC_SUMMIT_CUFE/build/processing_pkg/install.log --single-version-externally-managed install_data
[3.680s] running egg_info
[3.723s] writing ../../build/processing_pkg/processing_pkg.egg-info/PKG-INFO
[3.723s] writing dependency_links to ../../build/processing_pkg/processing_pkg.egg-info/dependency_links.txt
[3.724s] writing entry points to ../../build/processing_pkg/processing_pkg.egg-info/entry_points.txt
[3.724s] writing requirements to ../../build/processing_pkg/processing_pkg.egg-info/requires.txt
[3.725s] writing top-level names to ../../build/processing_pkg/processing_pkg.egg-info/top_level.txt
[3.809s] reading manifest file '../../build/processing_pkg/processing_pkg.egg-info/SOURCES.txt'
[3.811s] writing manifest file '../../build/processing_pkg/processing_pkg.egg-info/SOURCES.txt'
[3.811s] running build
[3.812s] running build_py
[3.812s] copying processing_pkg/processing_node.py -> /home/marwan/AUC_SUMMIT_CUFE/build/processing_pkg/build/lib/processing_pkg
[3.813s] running install
[3.824s] running install_lib
[3.862s] copying /home/marwan/AUC_SUMMIT_CUFE/build/processing_pkg/build/lib/processing_pkg/processing_node.py -> /home/marwan/AUC_SUMMIT_CUFE/install/processing_pkg/lib/python3.12/site-packages/processing_pkg
[3.865s] byte-compiling /home/marwan/AUC_SUMMIT_CUFE/install/processing_pkg/lib/python3.12/site-packages/processing_pkg/processing_node.py to processing_node.cpython-312.pyc
[3.867s] running install_data
[3.867s] running install_egg_info
[3.908s] removing '/home/marwan/AUC_SUMMIT_CUFE/install/processing_pkg/lib/python3.12/site-packages/processing_pkg-0.0.0-py3.12.egg-info' (and everything under it)
[3.910s] Copying ../../build/processing_pkg/processing_pkg.egg-info to /home/marwan/AUC_SUMMIT_CUFE/install/processing_pkg/lib/python3.12/site-packages/processing_pkg-0.0.0-py3.12.egg-info
[3.914s] running install_scripts
[4.224s] Installing processing_node script to /home/marwan/AUC_SUMMIT_CUFE/install/processing_pkg/lib/processing_pkg
[4.224s] writing list of installed files to '/home/marwan/AUC_SUMMIT_CUFE/build/processing_pkg/install.log'
[4.309s] Invoked command in '/home/marwan/AUC_SUMMIT_CUFE/src/processing_pkg' returned '0': DEBUGINFOD_URLS=https://debuginfod.ubuntu.com PYTHONPATH=/home/marwan/AUC_SUMMIT_CUFE/build/processing_pkg/prefix_override:/usr/lib/python3/dist-packages/colcon_core/task/python/colcon_distutils_commands:/home/marwan/AUC_SUMMIT_CUFE/install/processing_pkg/lib/python3.12/site-packages:${PYTHONPATH} /usr/bin/python3 -W ignore:setup.py install is deprecated -W ignore:easy_install command is deprecated setup.py egg_info --egg-base ../../build/processing_pkg build --build-base /home/marwan/AUC_SUMMIT_CUFE/build/processing_pkg/build install --record /home/marwan/AUC_SUMMIT_CUFE/build/processing_pkg/install.log --single-version-externally-managed install_data
