running egg_info
creating ../../build/processing_pkg/processing_pkg.egg-info
writing ../../build/processing_pkg/processing_pkg.egg-info/PKG-INFO
writing dependency_links to ../../build/processing_pkg/processing_pkg.egg-info/dependency_links.txt
writing entry points to ../../build/processing_pkg/processing_pkg.egg-info/entry_points.txt
writing requirements to ../../build/processing_pkg/processing_pkg.egg-info/requires.txt
writing top-level names to ../../build/processing_pkg/processing_pkg.egg-info/top_level.txt
writing manifest file '../../build/processing_pkg/processing_pkg.egg-info/SOURCES.txt'
reading manifest file '../../build/processing_pkg/processing_pkg.egg-info/SOURCES.txt'
writing manifest file '../../build/processing_pkg/processing_pkg.egg-info/SOURCES.txt'
running build
running build_py
creating /home/marwan/AUC_SUMMIT_CUFE/build/processing_pkg/build
creating /home/marwan/AUC_SUMMIT_CUFE/build/processing_pkg/build/lib
creating /home/marwan/AUC_SUMMIT_CUFE/build/processing_pkg/build/lib/processing_pkg
copying processing_pkg/__init__.py -> /home/marwan/AUC_SUMMIT_CUFE/build/processing_pkg/build/lib/processing_pkg
copying processing_pkg/processing_node.py -> /home/marwan/AUC_SUMMIT_CUFE/build/processing_pkg/build/lib/processing_pkg
running install
running install_lib
creating /home/marwan/AUC_SUMMIT_CUFE/install/processing_pkg/lib/python3.12/site-packages/processing_pkg
copying /home/marwan/AUC_SUMMIT_CUFE/build/processing_pkg/build/lib/processing_pkg/__init__.py -> /home/marwan/AUC_SUMMIT_CUFE/install/processing_pkg/lib/python3.12/site-packages/processing_pkg
copying /home/marwan/AUC_SUMMIT_CUFE/build/processing_pkg/build/lib/processing_pkg/processing_node.py -> /home/marwan/AUC_SUMMIT_CUFE/install/processing_pkg/lib/python3.12/site-packages/processing_pkg
byte-compiling /home/marwan/AUC_SUMMIT_CUFE/install/processing_pkg/lib/python3.12/site-packages/processing_pkg/__init__.py to __init__.cpython-312.pyc
byte-compiling /home/marwan/AUC_SUMMIT_CUFE/install/processing_pkg/lib/python3.12/site-packages/processing_pkg/processing_node.py to processing_node.cpython-312.pyc
running install_data
creating /home/marwan/AUC_SUMMIT_CUFE/install/processing_pkg/share/ament_index
creating /home/marwan/AUC_SUMMIT_CUFE/install/processing_pkg/share/ament_index/resource_index
creating /home/marwan/AUC_SUMMIT_CUFE/install/processing_pkg/share/ament_index/resource_index/packages
copying resource/processing_pkg -> /home/marwan/AUC_SUMMIT_CUFE/install/processing_pkg/share/ament_index/resource_index/packages
copying package.xml -> /home/marwan/AUC_SUMMIT_CUFE/install/processing_pkg/share/processing_pkg
running install_egg_info
Copying ../../build/processing_pkg/processing_pkg.egg-info to /home/marwan/AUC_SUMMIT_CUFE/install/processing_pkg/lib/python3.12/site-packages/processing_pkg-0.0.0-py3.12.egg-info
running install_scripts
Installing processing_node script to /home/marwan/AUC_SUMMIT_CUFE/install/processing_pkg/lib/processing_pkg
writing list of installed files to '/home/marwan/AUC_SUMMIT_CUFE/build/processing_pkg/install.log'
