[0.216s] DEBUG:colcon:Command line arguments: ['/usr/bin/colcon', 'build']
[0.216s] DEBUG:colcon:Parsed command line arguments: Namespace(log_base=None, log_level=None, verb_name='build', build_base='build', install_base='install', merge_install=False, symlink_install=False, test_result_base=None, continue_on_error=False, executor='parallel', parallel_workers=4, event_handlers=None, ignore_user_meta=False, metas=['./colcon.meta'], base_paths=['.'], packages_ignore=None, packages_ignore_regex=None, paths=None, packages_up_to=None, packages_up_to_regex=None, packages_above=None, packages_above_and_dependencies=None, packages_above_depth=None, packages_select_by_dep=None, packages_skip_by_dep=None, packages_skip_up_to=None, packages_select_build_failed=False, packages_skip_build_finished=False, packages_select_test_failures=False, packages_skip_test_passed=False, packages_select=None, packages_skip=None, packages_select_regex=None, packages_skip_regex=None, packages_start=None, packages_end=None, cmake_args=None, cmake_target=None, cmake_target_skip_unavailable=False, cmake_clean_cache=False, cmake_clean_first=False, cmake_force_configure=False, ament_cmake_args=None, catkin_cmake_args=None, catkin_skip_building_tests=False, verb_parser=<colcon_defaults.argument_parser.defaults.DefaultArgumentsDecorator object at 0xfaa6c60757f0>, verb_extension=<colcon_core.verb.build.BuildVerb object at 0xfaa6c6c926c0>, main=<bound method BuildVerb.main of <colcon_core.verb.build.BuildVerb object at 0xfaa6c6c926c0>>)
[0.390s] Level 1:colcon.colcon_core.package_discovery:discover_packages(colcon_meta) check parameters
[0.390s] Level 1:colcon.colcon_core.package_discovery:discover_packages(recursive) check parameters
[0.390s] Level 1:colcon.colcon_core.package_discovery:discover_packages(ignore) check parameters
[0.390s] Level 1:colcon.colcon_core.package_discovery:discover_packages(path) check parameters
[0.390s] Level 1:colcon.colcon_core.package_discovery:discover_packages(colcon_meta) discover
[0.390s] Level 1:colcon.colcon_core.package_discovery:discover_packages(recursive) discover
[0.390s] INFO:colcon.colcon_core.package_discovery:Crawling recursively for packages in '/home/marwan/AUC_SUMMIT_CUFE'
[0.390s] Level 1:colcon.colcon_core.package_identification:_identify(.) by extensions ['ignore', 'ignore_ament_install']
[0.391s] Level 1:colcon.colcon_core.package_identification:_identify(.) by extension 'ignore'
[0.391s] Level 1:colcon.colcon_core.package_identification:_identify(.) by extension 'ignore_ament_install'
[0.391s] Level 1:colcon.colcon_core.package_identification:_identify(.) by extensions ['colcon_pkg']
[0.391s] Level 1:colcon.colcon_core.package_identification:_identify(.) by extension 'colcon_pkg'
[0.391s] Level 1:colcon.colcon_core.package_identification:_identify(.) by extensions ['colcon_meta']
[0.391s] Level 1:colcon.colcon_core.package_identification:_identify(.) by extension 'colcon_meta'
[0.391s] Level 1:colcon.colcon_core.package_identification:_identify(.) by extensions ['ros']
[0.391s] Level 1:colcon.colcon_core.package_identification:_identify(.) by extension 'ros'
[0.430s] Level 1:colcon.colcon_core.package_identification:_identify(.) by extensions ['cmake', 'python']
[0.430s] Level 1:colcon.colcon_core.package_identification:_identify(.) by extension 'cmake'
[0.430s] Level 1:colcon.colcon_core.package_identification:_identify(.) by extension 'python'
[0.430s] Level 1:colcon.colcon_core.package_identification:_identify(.) by extensions ['python_setup_py']
[0.430s] Level 1:colcon.colcon_core.package_identification:_identify(.) by extension 'python_setup_py'
[0.430s] Level 1:colcon.colcon_core.package_identification:_identify(build) by extensions ['ignore', 'ignore_ament_install']
[0.430s] Level 1:colcon.colcon_core.package_identification:_identify(build) by extension 'ignore'
[0.430s] Level 1:colcon.colcon_core.package_identification:_identify(build) ignored
[0.430s] Level 1:colcon.colcon_core.package_identification:_identify(docs) by extensions ['ignore', 'ignore_ament_install']
[0.431s] Level 1:colcon.colcon_core.package_identification:_identify(docs) by extension 'ignore'
[0.431s] Level 1:colcon.colcon_core.package_identification:_identify(docs) by extension 'ignore_ament_install'
[0.431s] Level 1:colcon.colcon_core.package_identification:_identify(docs) by extensions ['colcon_pkg']
[0.431s] Level 1:colcon.colcon_core.package_identification:_identify(docs) by extension 'colcon_pkg'
[0.431s] Level 1:colcon.colcon_core.package_identification:_identify(docs) by extensions ['colcon_meta']
[0.431s] Level 1:colcon.colcon_core.package_identification:_identify(docs) by extension 'colcon_meta'
[0.431s] Level 1:colcon.colcon_core.package_identification:_identify(docs) by extensions ['ros']
[0.431s] Level 1:colcon.colcon_core.package_identification:_identify(docs) by extension 'ros'
[0.431s] Level 1:colcon.colcon_core.package_identification:_identify(docs) by extensions ['cmake', 'python']
[0.431s] Level 1:colcon.colcon_core.package_identification:_identify(docs) by extension 'cmake'
[0.431s] Level 1:colcon.colcon_core.package_identification:_identify(docs) by extension 'python'
[0.431s] Level 1:colcon.colcon_core.package_identification:_identify(docs) by extensions ['python_setup_py']
[0.431s] Level 1:colcon.colcon_core.package_identification:_identify(docs) by extension 'python_setup_py'
[0.431s] Level 1:colcon.colcon_core.package_identification:_identify(install) by extensions ['ignore', 'ignore_ament_install']
[0.431s] Level 1:colcon.colcon_core.package_identification:_identify(install) by extension 'ignore'
[0.431s] Level 1:colcon.colcon_core.package_identification:_identify(install) ignored
[0.431s] Level 1:colcon.colcon_core.package_identification:_identify(log) by extensions ['ignore', 'ignore_ament_install']
[0.431s] Level 1:colcon.colcon_core.package_identification:_identify(log) by extension 'ignore'
[0.431s] Level 1:colcon.colcon_core.package_identification:_identify(log) ignored
[0.431s] Level 1:colcon.colcon_core.package_identification:_identify(src) by extensions ['ignore', 'ignore_ament_install']
[0.431s] Level 1:colcon.colcon_core.package_identification:_identify(src) by extension 'ignore'
[0.431s] Level 1:colcon.colcon_core.package_identification:_identify(src) by extension 'ignore_ament_install'
[0.431s] Level 1:colcon.colcon_core.package_identification:_identify(src) by extensions ['colcon_pkg']
[0.431s] Level 1:colcon.colcon_core.package_identification:_identify(src) by extension 'colcon_pkg'
[0.431s] Level 1:colcon.colcon_core.package_identification:_identify(src) by extensions ['colcon_meta']
[0.431s] Level 1:colcon.colcon_core.package_identification:_identify(src) by extension 'colcon_meta'
[0.431s] Level 1:colcon.colcon_core.package_identification:_identify(src) by extensions ['ros']
[0.431s] Level 1:colcon.colcon_core.package_identification:_identify(src) by extension 'ros'
[0.431s] Level 1:colcon.colcon_core.package_identification:_identify(src) by extensions ['cmake', 'python']
[0.432s] Level 1:colcon.colcon_core.package_identification:_identify(src) by extension 'cmake'
[0.432s] Level 1:colcon.colcon_core.package_identification:_identify(src) by extension 'python'
[0.432s] Level 1:colcon.colcon_core.package_identification:_identify(src) by extensions ['python_setup_py']
[0.432s] Level 1:colcon.colcon_core.package_identification:_identify(src) by extension 'python_setup_py'
[0.432s] Level 1:colcon.colcon_core.package_identification:_identify(src/processing_pkg) by extensions ['ignore', 'ignore_ament_install']
[0.432s] Level 1:colcon.colcon_core.package_identification:_identify(src/processing_pkg) by extension 'ignore'
[0.432s] Level 1:colcon.colcon_core.package_identification:_identify(src/processing_pkg) by extension 'ignore_ament_install'
[0.432s] Level 1:colcon.colcon_core.package_identification:_identify(src/processing_pkg) by extensions ['colcon_pkg']
[0.432s] Level 1:colcon.colcon_core.package_identification:_identify(src/processing_pkg) by extension 'colcon_pkg'
[0.432s] Level 1:colcon.colcon_core.package_identification:_identify(src/processing_pkg) by extensions ['colcon_meta']
[0.432s] Level 1:colcon.colcon_core.package_identification:_identify(src/processing_pkg) by extension 'colcon_meta'
[0.432s] Level 1:colcon.colcon_core.package_identification:_identify(src/processing_pkg) by extensions ['ros']
[0.432s] Level 1:colcon.colcon_core.package_identification:_identify(src/processing_pkg) by extension 'ros'
[0.435s] DEBUG:colcon.colcon_core.package_identification:Package 'src/processing_pkg' with type 'ros.ament_python' and name 'processing_pkg'
[0.435s] Level 1:colcon.colcon_core.package_discovery:discover_packages(recursive) using defaults
[0.435s] Level 1:colcon.colcon_core.package_discovery:discover_packages(ignore) discover
[0.435s] Level 1:colcon.colcon_core.package_discovery:discover_packages(ignore) using defaults
[0.435s] Level 1:colcon.colcon_core.package_discovery:discover_packages(path) discover
[0.435s] Level 1:colcon.colcon_core.package_discovery:discover_packages(path) using defaults
[0.463s] Level 5:colcon.colcon_core.verb:set package 'processing_pkg' build argument 'cmake_args' from command line to 'None'
[0.463s] Level 5:colcon.colcon_core.verb:set package 'processing_pkg' build argument 'cmake_target' from command line to 'None'
[0.463s] Level 5:colcon.colcon_core.verb:set package 'processing_pkg' build argument 'cmake_target_skip_unavailable' from command line to 'False'
[0.463s] Level 5:colcon.colcon_core.verb:set package 'processing_pkg' build argument 'cmake_clean_cache' from command line to 'False'
[0.463s] Level 5:colcon.colcon_core.verb:set package 'processing_pkg' build argument 'cmake_clean_first' from command line to 'False'
[0.463s] Level 5:colcon.colcon_core.verb:set package 'processing_pkg' build argument 'cmake_force_configure' from command line to 'False'
[0.463s] Level 5:colcon.colcon_core.verb:set package 'processing_pkg' build argument 'ament_cmake_args' from command line to 'None'
[0.463s] Level 5:colcon.colcon_core.verb:set package 'processing_pkg' build argument 'catkin_cmake_args' from command line to 'None'
[0.463s] Level 5:colcon.colcon_core.verb:set package 'processing_pkg' build argument 'catkin_skip_building_tests' from command line to 'False'
[0.463s] DEBUG:colcon.colcon_core.verb:Building package 'processing_pkg' with the following arguments: {'ament_cmake_args': None, 'build_base': '/home/marwan/AUC_SUMMIT_CUFE/build/processing_pkg', 'catkin_cmake_args': None, 'catkin_skip_building_tests': False, 'cmake_args': None, 'cmake_clean_cache': False, 'cmake_clean_first': False, 'cmake_force_configure': False, 'cmake_target': None, 'cmake_target_skip_unavailable': False, 'install_base': '/home/marwan/AUC_SUMMIT_CUFE/install/processing_pkg', 'merge_install': False, 'path': '/home/marwan/AUC_SUMMIT_CUFE/src/processing_pkg', 'symlink_install': False, 'test_result_base': None}
[0.463s] INFO:colcon.colcon_core.executor:Executing jobs using 'parallel' executor
[0.465s] DEBUG:colcon.colcon_parallel_executor.executor.parallel:run_until_complete
[0.465s] INFO:colcon.colcon_ros.task.ament_python.build:Building ROS package in '/home/marwan/AUC_SUMMIT_CUFE/src/processing_pkg' with build type 'ament_python'
[0.465s] Level 1:colcon.colcon_core.shell:create_environment_hook('processing_pkg', 'ament_prefix_path')
[0.467s] INFO:colcon.colcon_core.plugin_system:Skipping extension 'colcon_core.shell.bat': Not used on non-Windows systems
[0.467s] INFO:colcon.colcon_core.shell:Creating environment descriptor '/home/marwan/AUC_SUMMIT_CUFE/install/processing_pkg/share/processing_pkg/hook/ament_prefix_path.dsv'
[0.468s] INFO:colcon.colcon_core.shell:Creating environment hook '/home/marwan/AUC_SUMMIT_CUFE/install/processing_pkg/share/processing_pkg/hook/ament_prefix_path.sh'
[0.468s] DEBUG:colcon.colcon_core.shell:Skip shell extension 'dsv' for command environment
[2.906s] INFO:colcon.colcon_core.task.python.build:Building Python package in '/home/marwan/AUC_SUMMIT_CUFE/src/processing_pkg'
[2.912s] DEBUG:colcon.colcon_core.shell:Skip shell extension 'dsv' for command environment
[4.925s] DEBUG:colcon.colcon_core.event_handler.log_command:Invoking command in '/home/marwan/AUC_SUMMIT_CUFE/src/processing_pkg': DEBUGINFOD_URLS=https://debuginfod.ubuntu.com PYTHONPATH=/home/marwan/AUC_SUMMIT_CUFE/build/processing_pkg/prefix_override:/usr/lib/python3/dist-packages/colcon_core/task/python/colcon_distutils_commands:/home/marwan/AUC_SUMMIT_CUFE/install/processing_pkg/lib/python3.12/site-packages:${PYTHONPATH} /usr/bin/python3 -W ignore:setup.py install is deprecated -W ignore:easy_install command is deprecated setup.py egg_info --egg-base ../../build/processing_pkg build --build-base /home/marwan/AUC_SUMMIT_CUFE/build/processing_pkg/build install --record /home/marwan/AUC_SUMMIT_CUFE/build/processing_pkg/install.log --single-version-externally-managed install_data
[7.359s] DEBUG:colcon.colcon_core.event_handler.log_command:Invoked command in '/home/marwan/AUC_SUMMIT_CUFE/src/processing_pkg' returned '0': DEBUGINFOD_URLS=https://debuginfod.ubuntu.com PYTHONPATH=/home/marwan/AUC_SUMMIT_CUFE/build/processing_pkg/prefix_override:/usr/lib/python3/dist-packages/colcon_core/task/python/colcon_distutils_commands:/home/marwan/AUC_SUMMIT_CUFE/install/processing_pkg/lib/python3.12/site-packages:${PYTHONPATH} /usr/bin/python3 -W ignore:setup.py install is deprecated -W ignore:easy_install command is deprecated setup.py egg_info --egg-base ../../build/processing_pkg build --build-base /home/marwan/AUC_SUMMIT_CUFE/build/processing_pkg/build install --record /home/marwan/AUC_SUMMIT_CUFE/build/processing_pkg/install.log --single-version-externally-managed install_data
[7.375s] Level 1:colcon.colcon_core.environment:checking '/home/marwan/AUC_SUMMIT_CUFE/install/processing_pkg' for CMake module files
[7.377s] Level 1:colcon.colcon_core.environment:checking '/home/marwan/AUC_SUMMIT_CUFE/install/processing_pkg' for CMake config files
[7.380s] Level 1:colcon.colcon_core.environment:checking '/home/marwan/AUC_SUMMIT_CUFE/install/processing_pkg/lib'
[7.381s] Level 1:colcon.colcon_core.environment:checking '/home/marwan/AUC_SUMMIT_CUFE/install/processing_pkg/bin'
[7.381s] Level 1:colcon.colcon_core.environment:checking '/home/marwan/AUC_SUMMIT_CUFE/install/processing_pkg/lib/pkgconfig/processing_pkg.pc'
[7.382s] Level 1:colcon.colcon_core.environment:checking '/home/marwan/AUC_SUMMIT_CUFE/install/processing_pkg/lib/python3.12/site-packages'
[7.382s] Level 1:colcon.colcon_core.shell:create_environment_hook('processing_pkg', 'pythonpath')
[7.384s] INFO:colcon.colcon_core.shell:Creating environment descriptor '/home/marwan/AUC_SUMMIT_CUFE/install/processing_pkg/share/processing_pkg/hook/pythonpath.dsv'
[7.393s] INFO:colcon.colcon_core.shell:Creating environment hook '/home/marwan/AUC_SUMMIT_CUFE/install/processing_pkg/share/processing_pkg/hook/pythonpath.sh'
[7.395s] Level 1:colcon.colcon_core.environment:checking '/home/marwan/AUC_SUMMIT_CUFE/install/processing_pkg/bin'
[7.396s] Level 1:colcon.colcon_core.environment:create_environment_scripts_only(processing_pkg)
[7.397s] INFO:colcon.colcon_core.shell:Creating package descriptor '/home/marwan/AUC_SUMMIT_CUFE/install/processing_pkg/share/processing_pkg/package.dsv'
[7.400s] INFO:colcon.colcon_core.shell:Creating package script '/home/marwan/AUC_SUMMIT_CUFE/install/processing_pkg/share/processing_pkg/package.sh'
[7.404s] INFO:colcon.colcon_core.shell:Creating package script '/home/marwan/AUC_SUMMIT_CUFE/install/processing_pkg/share/processing_pkg/package.bash'
[7.405s] INFO:colcon.colcon_core.shell:Creating package script '/home/marwan/AUC_SUMMIT_CUFE/install/processing_pkg/share/processing_pkg/package.zsh'
[7.406s] Level 1:colcon.colcon_core.environment:create_file_with_runtime_dependencies(/home/marwan/AUC_SUMMIT_CUFE/install/processing_pkg/share/colcon-core/packages/processing_pkg)
[7.409s] DEBUG:colcon.colcon_parallel_executor.executor.parallel:closing loop
[7.410s] DEBUG:colcon.colcon_parallel_executor.executor.parallel:loop closed
[7.410s] DEBUG:colcon.colcon_parallel_executor.executor.parallel:run_until_complete finished with '0'
[7.410s] DEBUG:colcon.colcon_core.event_reactor:joining thread
[7.447s] INFO:colcon.colcon_core.plugin_system:Skipping extension 'colcon_notification.desktop_notification.terminal_notifier': Not used on non-Darwin systems
[7.448s] INFO:colcon.colcon_core.plugin_system:Skipping extension 'colcon_notification.desktop_notification.win32': Not used on non-Windows systems
[7.448s] INFO:colcon.colcon_notification.desktop_notification:Sending desktop notification using 'notify2'
[7.644s] DEBUG:colcon.colcon_core.event_reactor:joined thread
[7.645s] INFO:colcon.colcon_core.shell:Creating prefix script '/home/marwan/AUC_SUMMIT_CUFE/install/local_setup.sh'
[7.647s] INFO:colcon.colcon_core.shell:Creating prefix util module '/home/marwan/AUC_SUMMIT_CUFE/install/_local_setup_util_sh.py'
[7.651s] INFO:colcon.colcon_core.shell:Creating prefix chain script '/home/marwan/AUC_SUMMIT_CUFE/install/setup.sh'
[7.662s] INFO:colcon.colcon_core.shell:Creating prefix script '/home/marwan/AUC_SUMMIT_CUFE/install/local_setup.bash'
[7.665s] INFO:colcon.colcon_core.shell:Creating prefix chain script '/home/marwan/AUC_SUMMIT_CUFE/install/setup.bash'
[7.670s] INFO:colcon.colcon_core.shell:Creating prefix script '/home/marwan/AUC_SUMMIT_CUFE/install/local_setup.zsh'
[7.671s] INFO:colcon.colcon_core.shell:Creating prefix chain script '/home/marwan/AUC_SUMMIT_CUFE/install/setup.zsh'
